<?xml version="1.0" encoding="UTF-8"?>
<testsuite xmlns:xsi="http://www.w3.org/2001/XMLSchema-instance" xsi:noNamespaceSchemaLocation="https://maven.apache.org/surefire/maven-surefire-plugin/xsd/surefire-test-report-3.0.xsd" version="3.0" name="uk.aspyr.stl4j.Tuple4Test" time="0.065" tests="13" errors="0" skipped="0" failures="0">
  <properties>
[...]
</properties>
  <testcase name="test_insert_tuple1_return_tuple5" classname="uk.aspyr.stl4j.Tuple4Test" time="0.001"/>
  <testcase name="test_tuple_equality" classname="uk.aspyr.stl4j.Tuple4Test" time="0.047"/>
  <testcase name="test_insert_tuple4_return_tuple8" classname="uk.aspyr.stl4j.Tuple4Test" time="0.001"/>
  <testcase name="test_remove_items" classname="uk.aspyr.stl4j.Tuple4Test" time="0.001"/>
  <testcase name="test_Tuple1_iterable_index" classname="uk.aspyr.stl4j.Tuple4Test" time="0.001"/>
  <testcase name="test_create_from_array" classname="uk.aspyr.stl4j.Tuple4Test" time="0.001"/>
  <testcase name="test_insert_tuple2_return_tuple6" classname="uk.aspyr.stl4j.Tuple4Test" time="0.001"/>
  <testcase name="test_insert_tuple5_return_tuple9" classname="uk.aspyr.stl4j.Tuple4Test" time="0.001"/>
  <testcase name="test_create_with_values" classname="uk.aspyr.stl4j.Tuple4Test" time="0"/>
  <testcase name="test_insert_tuple6_return_tuple10" classname="uk.aspyr.stl4j.Tuple4Test" time="0.001"/>
  <testcase name="test_set_items" classname="uk.aspyr.stl4j.Tuple4Test" time="0.001"/>
  <testcase name="test_insert_tuple3_return_tuple7" classname="uk.aspyr.stl4j.Tuple4Test" time="0.001"/>
  <testcase name="test_create_from_iterable" classname="uk.aspyr.stl4j.Tuple4Test" time="0.001"/>
</testsuite>